[debug] [2025-02-24T18:02:37.672Z] ----------------------------------------------------------------------
[debug] [2025-02-24T18:02:37.677Z] Command:       C:\Program Files\nodejs\node.exe C:\Users\omero\AppData\Roaming\npm\node_modules\firebase-tools\lib\bin\firebase.js deploy
[debug] [2025-02-24T18:02:37.678Z] CLI Version:   13.31.2
[debug] [2025-02-24T18:02:37.678Z] Platform:      win32
[debug] [2025-02-24T18:02:37.678Z] Node Version:  v22.13.1
[debug] [2025-02-24T18:02:37.678Z] Time:          Mon Feb 24 2025 20:02:37 GMT+0200 (Eastern European Standard Time)
[debug] [2025-02-24T18:02:37.679Z] ----------------------------------------------------------------------
[debug] 
[debug] [2025-02-24T18:02:37.965Z] > command requires scopes: ["email","openid","https://www.googleapis.com/auth/cloudplatformprojects.readonly","https://www.googleapis.com/auth/firebase","https://www.googleapis.com/auth/cloud-platform"]
[debug] [2025-02-24T18:02:37.966Z] > authorizing via signed-in user (omeroomaro2004@gmail.com)
[debug] [2025-02-24T18:02:37.966Z] [iam] checking project men-fashionn for permissions ["firebase.projects.get","firebasehosting.sites.update"]
[debug] [2025-02-24T18:02:37.967Z] Checked if tokens are valid: true, expires at: 1740423237498
[debug] [2025-02-24T18:02:37.968Z] Checked if tokens are valid: true, expires at: 1740423237498
[debug] [2025-02-24T18:02:37.969Z] >>> [apiv2][query] POST https://cloudresourcemanager.googleapis.com/v1/projects/men-fashionn:testIamPermissions [none]
[debug] [2025-02-24T18:02:37.969Z] >>> [apiv2][(partial)header] POST https://cloudresourcemanager.googleapis.com/v1/projects/men-fashionn:testIamPermissions x-goog-quota-user=projects/men-fashionn
[debug] [2025-02-24T18:02:37.969Z] >>> [apiv2][body] POST https://cloudresourcemanager.googleapis.com/v1/projects/men-fashionn:testIamPermissions {"permissions":["firebase.projects.get","firebasehosting.sites.update"]}
[debug] [2025-02-24T18:02:39.037Z] <<< [apiv2][status] POST https://cloudresourcemanager.googleapis.com/v1/projects/men-fashionn:testIamPermissions 200
[debug] [2025-02-24T18:02:39.037Z] <<< [apiv2][body] POST https://cloudresourcemanager.googleapis.com/v1/projects/men-fashionn:testIamPermissions {"permissions":["firebase.projects.get","firebasehosting.sites.update"]}
[debug] [2025-02-24T18:02:39.038Z] Checked if tokens are valid: true, expires at: 1740423237498
[debug] [2025-02-24T18:02:39.038Z] Checked if tokens are valid: true, expires at: 1740423237498
[debug] [2025-02-24T18:02:39.039Z] >>> [apiv2][query] GET https://firebase.googleapis.com/v1beta1/projects/men-fashionn [none]
[debug] [2025-02-24T18:02:39.716Z] <<< [apiv2][status] GET https://firebase.googleapis.com/v1beta1/projects/men-fashionn 200
[debug] [2025-02-24T18:02:39.716Z] <<< [apiv2][body] GET https://firebase.googleapis.com/v1beta1/projects/men-fashionn {"projectId":"men-fashionn","projectNumber":"221191355502","displayName":"MN-Fashion","name":"projects/men-fashionn","resources":{"hostingSite":"men-fashionn"},"state":"ACTIVE","etag":"1_bfb65223-6d52-47ec-91fe-b0dd7edd925a"}
[info] 
[info] === Deploying to 'men-fashionn'...
[info] 
[info] i  deploying hosting 
[debug] [2025-02-24T18:02:39.728Z] Checked if tokens are valid: true, expires at: 1740423237498
[debug] [2025-02-24T18:02:39.728Z] Checked if tokens are valid: true, expires at: 1740423237498
[debug] [2025-02-24T18:02:39.728Z] >>> [apiv2][query] POST https://firebasehosting.googleapis.com/v1beta1/projects/-/sites/men-fashionn/versions [none]
[debug] [2025-02-24T18:02:39.729Z] >>> [apiv2][body] POST https://firebasehosting.googleapis.com/v1beta1/projects/-/sites/men-fashionn/versions {"status":"CREATED","labels":{"deployment-tool":"cli-firebase"}}
[debug] [2025-02-24T18:02:41.697Z] <<< [apiv2][status] POST https://firebasehosting.googleapis.com/v1beta1/projects/-/sites/men-fashionn/versions 200
[debug] [2025-02-24T18:02:41.698Z] <<< [apiv2][body] POST https://firebasehosting.googleapis.com/v1beta1/projects/-/sites/men-fashionn/versions {"name":"projects/221191355502/sites/men-fashionn/versions/7f0c10a13407e661","status":"CREATED","config":{},"labels":{"deployment-tool":"cli-firebase"}}
[info] i  hosting[men-fashionn]: beginning deploy... 
[info] i  hosting[men-fashionn]: found 19 files in dist 
[debug] [2025-02-24T18:02:41.783Z] [hosting] uploading with 200 concurrency
[debug] [2025-02-24T18:02:41.801Z] Checked if tokens are valid: true, expires at: 1740423237498
[debug] [2025-02-24T18:02:41.802Z] Checked if tokens are valid: true, expires at: 1740423237498
[debug] [2025-02-24T18:02:41.805Z] [hosting] hash cache [ZGlzdA] stored for 19 files
[debug] [2025-02-24T18:02:41.805Z] [hosting][hash queue][FINAL] {"max":10,"min":1,"avg":1,"active":0,"complete":19,"success":19,"errored":0,"retried":0,"total":19,"elapsed":15}
[debug] [2025-02-24T18:02:41.806Z] >>> [apiv2][query] POST https://firebasehosting.googleapis.com/v1beta1/projects/221191355502/sites/men-fashionn/versions/7f0c10a13407e661:populateFiles [none]
[debug] [2025-02-24T18:02:41.806Z] >>> [apiv2][body] POST https://firebasehosting.googleapis.com/v1beta1/projects/221191355502/sites/men-fashionn/versions/7f0c10a13407e661:populateFiles {"files":{"/index.html":"d1e6a35c17903dccd61b6094fde84857cf1abd27ddd8f9b534f041b77e96934a","/images/ss.jpg":"497076be3da0696a8960a05207e4963f33d9eea5e2ba6754bc87c8f3d67779a5","/images/sh2.jpg":"f907ef5a520556354cd2286049c344e933a292e6bb2dbd7abe0d2e95960cf620","/images/sh1.jpg":"f3253de003a08ff2f6cde956fa1940a01fd422f55fedfada8f38561e3a344f91","/images/pp.jpg":"9a4c92e9b2c56c53d33c450a016af1a50a4d5364ab89249c62213001898ab021","/images/OIF.jpeg":"1dac7dd3eb1b60c4f602a6e854724ffbdb6c64ec2b1a7cf95a9aeb49e7fa256c","/images/ll.jpg":"f0fb38b9ec7d9ce8c23fe46a6fc3c8585ddacce67970c5390f3a960dffbfb5ea","/images/g.jpg":"e3733c6007cb8490c029b2e24172f2b24ade51d0321d1ca5579d2ab147534f51","/images/f.jpg":"9616e76b1465c47d53f6faec318cae88a560cad56ff16db7991b3bc48067bddb","/images/clark-street-mercantile-qnKhZJPKFD8-unsplash.jpg":"988eae4c00c37ed7ffb8ecddae57bc558a598fa7a7845de74425e1f760dbeed7","/images/cas.jpg":"9c565a4bcf46f715cdc9127fca895c2540d0004f244a6a33ff1d6713b560df4f","/images/Black_White_Minimalist_Initials_Monogram_Jewelry_Logo__1_-removebg-preview.png":"ab29219570d5f0ca6cdab1a47b7d6e7b7f3df55df7ca9b1d3e6a530621563ecc","/images/Black_White_Minimalist_Initials_Monogram_Jewelry_Logo-removebg-preview.png":"e1a52a29e299d9096d5237dcac7964628ea46c51c5c8a2ef95afe43d53414f37","/images/4.jpg":"595b1a316e1168447dfaf989b06a1e31b7b9e2a84fe2ae301d435cde72b674be","/images/3.jpg":"8cae3c93e1ecb1d974d30eda05a1bb5c5adf59a5c35ced0600fc974495a149b9","/images/2.jpg":"db5cbc147677eebe7b4e66c14ed66d82fa4c33a8a02452efc18b2227afa7a58c","/images/1.jpg":"e4cf56f64a95a4cc5f7fb78721750dfbacd1033226fb9daea8269be4dab8c8e2","/assets/index-DcU3l8GW.js":"42b6ceb75533a55e2a35b1e6aefbbf8a8efdc1af09a8609a5a87b9350fc37fe5","/assets/index-B0hCSAkK.css":"bdf17a8928caa8c9cab11194d68ce21fe6570297647cdf986f519f89f002a56b"}}
[debug] [2025-02-24T18:02:42.357Z] <<< [apiv2][status] POST https://firebasehosting.googleapis.com/v1beta1/projects/221191355502/sites/men-fashionn/versions/7f0c10a13407e661:populateFiles 200
[debug] [2025-02-24T18:02:42.357Z] <<< [apiv2][body] POST https://firebasehosting.googleapis.com/v1beta1/projects/221191355502/sites/men-fashionn/versions/7f0c10a13407e661:populateFiles {"uploadRequiredHashes":["f907ef5a520556354cd2286049c344e933a292e6bb2dbd7abe0d2e95960cf620","595b1a316e1168447dfaf989b06a1e31b7b9e2a84fe2ae301d435cde72b674be","db5cbc147677eebe7b4e66c14ed66d82fa4c33a8a02452efc18b2227afa7a58c"],"uploadUrl":"https://upload-firebasehosting.googleapis.com/upload/sites/men-fashionn/versions/7f0c10a13407e661/files"}
[debug] [2025-02-24T18:02:42.359Z] Checked if tokens are valid: true, expires at: 1740423237498
[debug] [2025-02-24T18:02:42.359Z] Checked if tokens are valid: true, expires at: 1740423237498
[debug] [2025-02-24T18:02:42.360Z] Checked if tokens are valid: true, expires at: 1740423237498
[debug] [2025-02-24T18:02:42.360Z] Checked if tokens are valid: true, expires at: 1740423237498
[debug] [2025-02-24T18:02:42.361Z] Checked if tokens are valid: true, expires at: 1740423237498
[debug] [2025-02-24T18:02:42.361Z] Checked if tokens are valid: true, expires at: 1740423237498
[debug] [2025-02-24T18:02:42.361Z] >>> [apiv2][query] POST https://upload-firebasehosting.googleapis.com/upload/sites/men-fashionn/versions/7f0c10a13407e661/files/f907ef5a520556354cd2286049c344e933a292e6bb2dbd7abe0d2e95960cf620 [none]
[debug] [2025-02-24T18:02:42.361Z] >>> [apiv2][body] POST https://upload-firebasehosting.googleapis.com/upload/sites/men-fashionn/versions/7f0c10a13407e661/files/f907ef5a520556354cd2286049c344e933a292e6bb2dbd7abe0d2e95960cf620 [stream]
[debug] [2025-02-24T18:02:42.364Z] >>> [apiv2][query] POST https://upload-firebasehosting.googleapis.com/upload/sites/men-fashionn/versions/7f0c10a13407e661/files/595b1a316e1168447dfaf989b06a1e31b7b9e2a84fe2ae301d435cde72b674be [none]
[debug] [2025-02-24T18:02:42.364Z] >>> [apiv2][body] POST https://upload-firebasehosting.googleapis.com/upload/sites/men-fashionn/versions/7f0c10a13407e661/files/595b1a316e1168447dfaf989b06a1e31b7b9e2a84fe2ae301d435cde72b674be [stream]
[debug] [2025-02-24T18:02:42.367Z] >>> [apiv2][query] POST https://upload-firebasehosting.googleapis.com/upload/sites/men-fashionn/versions/7f0c10a13407e661/files/db5cbc147677eebe7b4e66c14ed66d82fa4c33a8a02452efc18b2227afa7a58c [none]
[debug] [2025-02-24T18:02:42.367Z] >>> [apiv2][body] POST https://upload-firebasehosting.googleapis.com/upload/sites/men-fashionn/versions/7f0c10a13407e661/files/db5cbc147677eebe7b4e66c14ed66d82fa4c33a8a02452efc18b2227afa7a58c [stream]
[debug] [2025-02-24T18:02:42.370Z] [hosting][populate queue][FINAL] {"max":560,"min":560,"avg":560,"active":0,"complete":1,"success":1,"errored":0,"retried":0,"total":1,"elapsed":569}
[debug] [2025-02-24T18:02:42.370Z] [hosting] uploads queued: 3
[debug] [2025-02-24T18:03:25.247Z] [uploadQueue] Retrying task f907ef5a520556354cd2286049c344e933a292e6bb2dbd7abe0d2e95960cf620
[debug] [2025-02-24T18:03:25.249Z] Checked if tokens are valid: true, expires at: 1740423237498
[debug] [2025-02-24T18:03:25.249Z] Checked if tokens are valid: true, expires at: 1740423237498
[debug] [2025-02-24T18:03:25.250Z] >>> [apiv2][query] POST https://upload-firebasehosting.googleapis.com/upload/sites/men-fashionn/versions/7f0c10a13407e661/files/f907ef5a520556354cd2286049c344e933a292e6bb2dbd7abe0d2e95960cf620 [none]
[debug] [2025-02-24T18:03:25.250Z] >>> [apiv2][body] POST https://upload-firebasehosting.googleapis.com/upload/sites/men-fashionn/versions/7f0c10a13407e661/files/f907ef5a520556354cd2286049c344e933a292e6bb2dbd7abe0d2e95960cf620 [stream]
[debug] [2025-02-24T18:03:26.574Z] [uploadQueue] Retrying task db5cbc147677eebe7b4e66c14ed66d82fa4c33a8a02452efc18b2227afa7a58c
[debug] [2025-02-24T18:03:26.574Z] Checked if tokens are valid: true, expires at: 1740423237498
[debug] [2025-02-24T18:03:26.574Z] Checked if tokens are valid: true, expires at: 1740423237498
[debug] [2025-02-24T18:03:26.575Z] >>> [apiv2][query] POST https://upload-firebasehosting.googleapis.com/upload/sites/men-fashionn/versions/7f0c10a13407e661/files/db5cbc147677eebe7b4e66c14ed66d82fa4c33a8a02452efc18b2227afa7a58c [none]
[debug] [2025-02-24T18:03:26.575Z] >>> [apiv2][body] POST https://upload-firebasehosting.googleapis.com/upload/sites/men-fashionn/versions/7f0c10a13407e661/files/db5cbc147677eebe7b4e66c14ed66d82fa4c33a8a02452efc18b2227afa7a58c [stream]
[debug] [2025-02-24T18:04:08.530Z] [uploadQueue] Retrying task f907ef5a520556354cd2286049c344e933a292e6bb2dbd7abe0d2e95960cf620
[debug] [2025-02-24T18:04:08.532Z] Checked if tokens are valid: true, expires at: 1740423237498
[debug] [2025-02-24T18:04:08.532Z] Checked if tokens are valid: true, expires at: 1740423237498
[debug] [2025-02-24T18:04:08.533Z] >>> [apiv2][query] POST https://upload-firebasehosting.googleapis.com/upload/sites/men-fashionn/versions/7f0c10a13407e661/files/f907ef5a520556354cd2286049c344e933a292e6bb2dbd7abe0d2e95960cf620 [none]
[debug] [2025-02-24T18:04:08.534Z] >>> [apiv2][body] POST https://upload-firebasehosting.googleapis.com/upload/sites/men-fashionn/versions/7f0c10a13407e661/files/f907ef5a520556354cd2286049c344e933a292e6bb2dbd7abe0d2e95960cf620 [stream]
[debug] [2025-02-24T18:04:11.195Z] [uploadQueue] Retrying task db5cbc147677eebe7b4e66c14ed66d82fa4c33a8a02452efc18b2227afa7a58c
[debug] [2025-02-24T18:04:11.196Z] Checked if tokens are valid: true, expires at: 1740423237498
[debug] [2025-02-24T18:04:11.197Z] Checked if tokens are valid: true, expires at: 1740423237498
[debug] [2025-02-24T18:04:11.197Z] >>> [apiv2][query] POST https://upload-firebasehosting.googleapis.com/upload/sites/men-fashionn/versions/7f0c10a13407e661/files/db5cbc147677eebe7b4e66c14ed66d82fa4c33a8a02452efc18b2227afa7a58c [none]
[debug] [2025-02-24T18:04:11.197Z] >>> [apiv2][body] POST https://upload-firebasehosting.googleapis.com/upload/sites/men-fashionn/versions/7f0c10a13407e661/files/db5cbc147677eebe7b4e66c14ed66d82fa4c33a8a02452efc18b2227afa7a58c [stream]
[debug] [2025-02-24T18:04:17.097Z] [uploadQueue] Retrying task 595b1a316e1168447dfaf989b06a1e31b7b9e2a84fe2ae301d435cde72b674be
[debug] [2025-02-24T18:04:17.098Z] Checked if tokens are valid: true, expires at: 1740423237498
[debug] [2025-02-24T18:04:17.098Z] Checked if tokens are valid: true, expires at: 1740423237498
[debug] [2025-02-24T18:04:17.099Z] >>> [apiv2][query] POST https://upload-firebasehosting.googleapis.com/upload/sites/men-fashionn/versions/7f0c10a13407e661/files/595b1a316e1168447dfaf989b06a1e31b7b9e2a84fe2ae301d435cde72b674be [none]
[debug] [2025-02-24T18:04:17.099Z] >>> [apiv2][body] POST https://upload-firebasehosting.googleapis.com/upload/sites/men-fashionn/versions/7f0c10a13407e661/files/595b1a316e1168447dfaf989b06a1e31b7b9e2a84fe2ae301d435cde72b674be [stream]
[debug] [2025-02-24T18:04:52.611Z] [uploadQueue] Retrying task f907ef5a520556354cd2286049c344e933a292e6bb2dbd7abe0d2e95960cf620
[debug] [2025-02-24T18:04:52.613Z] Checked if tokens are valid: true, expires at: 1740423237498
[debug] [2025-02-24T18:04:52.613Z] Checked if tokens are valid: true, expires at: 1740423237498
[debug] [2025-02-24T18:04:52.614Z] >>> [apiv2][query] POST https://upload-firebasehosting.googleapis.com/upload/sites/men-fashionn/versions/7f0c10a13407e661/files/f907ef5a520556354cd2286049c344e933a292e6bb2dbd7abe0d2e95960cf620 [none]
[debug] [2025-02-24T18:04:52.614Z] >>> [apiv2][body] POST https://upload-firebasehosting.googleapis.com/upload/sites/men-fashionn/versions/7f0c10a13407e661/files/f907ef5a520556354cd2286049c344e933a292e6bb2dbd7abe0d2e95960cf620 [stream]
[debug] [2025-02-24T18:04:56.624Z] [uploadQueue] Retrying task db5cbc147677eebe7b4e66c14ed66d82fa4c33a8a02452efc18b2227afa7a58c
[debug] [2025-02-24T18:04:56.625Z] Checked if tokens are valid: true, expires at: 1740423237498
[debug] [2025-02-24T18:04:56.625Z] Checked if tokens are valid: true, expires at: 1740423237498
[debug] [2025-02-24T18:04:56.625Z] >>> [apiv2][query] POST https://upload-firebasehosting.googleapis.com/upload/sites/men-fashionn/versions/7f0c10a13407e661/files/db5cbc147677eebe7b4e66c14ed66d82fa4c33a8a02452efc18b2227afa7a58c [none]
[debug] [2025-02-24T18:04:56.625Z] >>> [apiv2][body] POST https://upload-firebasehosting.googleapis.com/upload/sites/men-fashionn/versions/7f0c10a13407e661/files/db5cbc147677eebe7b4e66c14ed66d82fa4c33a8a02452efc18b2227afa7a58c [stream]
[debug] [2025-02-24T18:05:38.288Z] [uploadQueue] Retrying task f907ef5a520556354cd2286049c344e933a292e6bb2dbd7abe0d2e95960cf620
[debug] [2025-02-24T18:05:38.289Z] Checked if tokens are valid: true, expires at: 1740423237498
[debug] [2025-02-24T18:05:38.289Z] Checked if tokens are valid: true, expires at: 1740423237498
[debug] [2025-02-24T18:05:38.289Z] >>> [apiv2][query] POST https://upload-firebasehosting.googleapis.com/upload/sites/men-fashionn/versions/7f0c10a13407e661/files/f907ef5a520556354cd2286049c344e933a292e6bb2dbd7abe0d2e95960cf620 [none]
[debug] [2025-02-24T18:05:38.289Z] >>> [apiv2][body] POST https://upload-firebasehosting.googleapis.com/upload/sites/men-fashionn/versions/7f0c10a13407e661/files/f907ef5a520556354cd2286049c344e933a292e6bb2dbd7abe0d2e95960cf620 [stream]
[debug] [2025-02-24T18:05:43.656Z] [uploadQueue] Retrying task db5cbc147677eebe7b4e66c14ed66d82fa4c33a8a02452efc18b2227afa7a58c
[debug] [2025-02-24T18:05:43.658Z] Checked if tokens are valid: true, expires at: 1740423237498
[debug] [2025-02-24T18:05:43.659Z] Checked if tokens are valid: true, expires at: 1740423237498
[debug] [2025-02-24T18:05:43.661Z] >>> [apiv2][query] POST https://upload-firebasehosting.googleapis.com/upload/sites/men-fashionn/versions/7f0c10a13407e661/files/db5cbc147677eebe7b4e66c14ed66d82fa4c33a8a02452efc18b2227afa7a58c [none]
[debug] [2025-02-24T18:05:43.661Z] >>> [apiv2][body] POST https://upload-firebasehosting.googleapis.com/upload/sites/men-fashionn/versions/7f0c10a13407e661/files/db5cbc147677eebe7b4e66c14ed66d82fa4c33a8a02452efc18b2227afa7a58c [stream]
[debug] [2025-02-24T18:05:52.240Z] [uploadQueue] Retrying task 595b1a316e1168447dfaf989b06a1e31b7b9e2a84fe2ae301d435cde72b674be
[debug] [2025-02-24T18:05:52.241Z] Checked if tokens are valid: true, expires at: 1740423237498
[debug] [2025-02-24T18:05:52.242Z] Checked if tokens are valid: true, expires at: 1740423237498
[debug] [2025-02-24T18:05:52.242Z] >>> [apiv2][query] POST https://upload-firebasehosting.googleapis.com/upload/sites/men-fashionn/versions/7f0c10a13407e661/files/595b1a316e1168447dfaf989b06a1e31b7b9e2a84fe2ae301d435cde72b674be [none]
[debug] [2025-02-24T18:05:52.242Z] >>> [apiv2][body] POST https://upload-firebasehosting.googleapis.com/upload/sites/men-fashionn/versions/7f0c10a13407e661/files/595b1a316e1168447dfaf989b06a1e31b7b9e2a84fe2ae301d435cde72b674be [stream]
[debug] [2025-02-24T18:06:27.155Z] [uploadQueue] Retrying task f907ef5a520556354cd2286049c344e933a292e6bb2dbd7abe0d2e95960cf620
[debug] [2025-02-24T18:06:27.156Z] Checked if tokens are valid: true, expires at: 1740423237498
[debug] [2025-02-24T18:06:27.156Z] Checked if tokens are valid: true, expires at: 1740423237498
[debug] [2025-02-24T18:06:27.156Z] >>> [apiv2][query] POST https://upload-firebasehosting.googleapis.com/upload/sites/men-fashionn/versions/7f0c10a13407e661/files/f907ef5a520556354cd2286049c344e933a292e6bb2dbd7abe0d2e95960cf620 [none]
[debug] [2025-02-24T18:06:27.156Z] >>> [apiv2][body] POST https://upload-firebasehosting.googleapis.com/upload/sites/men-fashionn/versions/7f0c10a13407e661/files/f907ef5a520556354cd2286049c344e933a292e6bb2dbd7abe0d2e95960cf620 [stream]
[debug] [2025-02-24T18:06:33.887Z] [uploadQueue] Retrying task db5cbc147677eebe7b4e66c14ed66d82fa4c33a8a02452efc18b2227afa7a58c
[debug] [2025-02-24T18:06:33.888Z] Checked if tokens are valid: true, expires at: 1740423237498
[debug] [2025-02-24T18:06:33.889Z] Checked if tokens are valid: true, expires at: 1740423237498
[debug] [2025-02-24T18:06:33.889Z] >>> [apiv2][query] POST https://upload-firebasehosting.googleapis.com/upload/sites/men-fashionn/versions/7f0c10a13407e661/files/db5cbc147677eebe7b4e66c14ed66d82fa4c33a8a02452efc18b2227afa7a58c [none]
[debug] [2025-02-24T18:06:33.889Z] >>> [apiv2][body] POST https://upload-firebasehosting.googleapis.com/upload/sites/men-fashionn/versions/7f0c10a13407e661/files/db5cbc147677eebe7b4e66c14ed66d82fa4c33a8a02452efc18b2227afa7a58c [stream]
[debug] Task f907ef5a520556354cd2286049c344e933a292e6bb2dbd7abe0d2e95960cf620 failed: retries exhausted after 6 attempts, with error: TypeError: Converting circular structure to JSON
    --> starting at object with constructor 'TLSSocket'
    |     property 'parser' -> object with constructor 'HTTPParser'
    --- property 'socket' closes the circle
[debug] [2025-02-24T18:07:09.622Z] [hosting][upload queue][FINAL] {"max":0,"min":9999999999,"avg":0,"active":2,"complete":1,"success":0,"errored":1,"retried":12,"total":3,"elapsed":267264}
[debug] [2025-02-24T18:07:14.643Z] Error: Timed out.
    at Timeout._onTimeout (C:\Users\omero\AppData\Roaming\npm\node_modules\firebase-tools\lib\utils.js:269:49)
    at listOnTimeout (node:internal/timers:594:17)
    at process.processTimers (node:internal/timers:529:7)
[error] 
[error] Error: An unexpected error has occurred.
